2018-03-09T18:41:34.1882455Z
2018-03-09T18:41:34.2351497Z w3wp, pid=7840, tid=9
2018-03-09T18:41:34.2351497Z "D:\Program Files (x86)\mysql\5.7.9.0\bin\mysqld.exe" --console --bind-address=127.0.0.1 --explicit_defaults_for_timestamp --basedir="D:\Program Files (x86)\mysql\5.7.9.0" --datadir="C:\DWASFiles\Sites\wiggilia\VirtualDirectory0\data\mysql" --port="54388" --tmpdir="D:\local\temp\mysql" --innodb_temp_data_file_path="..\..\..\temp\mysql\ibtmp1:12M:autoextend" --pid-file="D:\local\temp\mysql\RD0003FF1C405C.pid" 
2018-03-09T18:41:34.4694973Z mysqld:2952 started
2018-03-09T18:41:36.148541Z 0 [Warning] 'NO_ZERO_DATE', 'NO_ZERO_IN_DATE' and 'ERROR_FOR_DIVISION_BY_ZERO' sql modes should be used with strict mode. They will be merged with strict mode in a future release.
2018-03-09T18:41:36.164166Z 0 [Warning] 'NO_AUTO_CREATE_USER' sql mode was not set.
2018-03-09T18:41:36.164166Z 0 [Warning] Insecure configuration for --secure-file-priv: Current value does not restrict location of generated files. Consider setting it to a valid, non-empty path.
2018-03-09T18:41:36.164166Z 0 [ERROR] Cannot open Windows EventLog; check privileges, or start server with --log_syslog=0
2018-03-09T18:41:36.164166Z 0 [Note] D:\Program Files (x86)\mysql\5.7.9.0\bin\mysqld.exe (mysqld 5.7.9) starting as process 2952 ...
2018-03-09T18:41:36.336065Z 0 [Note] InnoDB: Mutexes and rw_locks use Windows interlocked functions
2018-03-09T18:41:36.336065Z 0 [Note] InnoDB: Uses event mutexes
2018-03-09T18:41:36.336065Z 0 [Note] InnoDB: Memory barrier is not used
2018-03-09T18:41:36.336065Z 0 [Note] InnoDB: Compressed tables use zlib 1.2.3
2018-03-09T18:41:36.336065Z 0 [Note] InnoDB: Number of pools: 1
2018-03-09T18:41:36.351671Z 0 [Note] InnoDB: Not using CPU crc32 instructions
2018-03-09T18:41:36.461047Z 0 [Note] InnoDB: Initializing buffer pool, total size = 256M, instances = 1, chunk size = 128M
2018-03-09T18:41:36.492265Z 0 [Note] InnoDB: Completed initialization of buffer pool
2018-03-09T18:41:37.757902Z 0 [Note] InnoDB: Highest supported file format is Barracuda.
2018-03-09T18:41:41.107968Z 0 [Note] InnoDB: Creating shared tablespace for temporary tables
2018-03-09T18:41:41.107968Z 0 [Note] InnoDB: Setting file '..\..\..\temp\mysql\ibtmp1' size to 12 MB. Physically writing the file full; Please wait ...
2018-03-09T18:41:41.342382Z 0 [Note] InnoDB: File '..\..\..\temp\mysql\ibtmp1' size is now 12 MB.
2018-03-09T18:41:41.342382Z 0 [Note] InnoDB: 96 redo rollback segment(s) found. 96 redo rollback segment(s) are active.
2018-03-09T18:41:41.342382Z 0 [Note] InnoDB: 32 non-redo rollback segment(s) are active.
2018-03-09T18:41:41.342382Z 0 [Note] InnoDB: Waiting for purge to start
2018-03-09T18:41:41.404864Z 0 [Note] InnoDB: page_cleaner: 1000ms intended loop took 4912ms. The settings might not be optimal. (flushed=0 and evicted=0, during the time.)
2018-03-09T18:41:41.442101Z 0 [Note] InnoDB: 5.7.9 started; log sequence number 2472392
2018-03-09T18:41:41.442101Z 0 [Note] InnoDB: not started
2018-03-09T18:41:41.442101Z 0 [Note] InnoDB: Loading buffer pool(s) from C:\DWASFiles\Sites\wiggilia\VirtualDirectory0\data\mysql\ib_buffer_pool
2018-03-09T18:41:41.442101Z 0 [Note] Plugin 'FEDERATED' is disabled.
2018-03-09T18:41:41.902708Z 0 [Warning] Failed to set up SSL because of the following SSL library error: SSL context is not usable without certificate and private key
2018-03-09T18:41:41.902708Z 0 [Note] Server hostname (bind-address): '127.0.0.1'; port: 54388
2018-03-09T18:41:41.949729Z 0 [Note]   - '127.0.0.1' resolves to '127.0.0.1';
2018-03-09T18:41:41.949729Z 0 [Note] Server socket created on IP: '127.0.0.1'.
2018-03-09T18:41:43.387332Z 0 [Note] InnoDB: Buffer pool(s) load completed at 180309 18:41:43
2018-03-09T18:41:43.622975Z 0 [Note] Event Scheduler: Loaded 0 events
2018-03-09T18:41:43.622975Z 0 [Note] D:\Program Files (x86)\mysql\5.7.9.0\bin\mysqld.exe: ready for connections.
Version: '5.7.9'  socket: ''  port: 54388  MySQL Community Server (GPL)
2018-03-09T18:41:43.6229757Z mysqld(2952) is ready at port 54388!
2018-03-09T18:44:43.087985Z 0 [Note] D:\Program Files (x86)\mysql\5.7.9.0\bin\mysqld.exe: Normal shutdown

2018-03-09T18:44:43.087985Z 0 [Note] Giving 1 client threads a chance to die gracefully
2018-03-09T18:44:43.087985Z 0 [Note] Shutting down slave threads
2018-03-09T18:44:43.103653Z 0 [Note] Forcefully disconnecting 0 remaining clients
2018-03-09T18:44:43.103653Z 0 [Note] Event Scheduler: Purging the queue. 0 events
2018-03-09T18:44:43.103653Z 0 [Note] Binlog end
2018-03-09T18:44:43.103653Z 0 [Note] Shutting down plugin 'ngram'
2018-03-09T18:44:43.103653Z 0 [Note] Shutting down plugin 'partition'
2018-03-09T18:44:43.103653Z 0 [Note] Shutting down plugin 'BLACKHOLE'
2018-03-09T18:44:43.103653Z 0 [Note] Shutting down plugin 'ARCHIVE'
2018-03-09T18:44:43.103653Z 0 [Note] Shutting down plugin 'PERFORMANCE_SCHEMA'
2018-03-09T18:44:43.119227Z 0 [Note] Shutting down plugin 'MRG_MYISAM'
2018-03-09T18:44:43.119227Z 0 [Note] Shutting down plugin 'MyISAM'
2018-03-09T18:44:43.119227Z 0 [Note] Shutting down plugin 'INNODB_SYS_VIRTUAL'
2018-03-09T18:44:43.119227Z 0 [Note] Shutting down plugin 'INNODB_SYS_DATAFILES'
2018-03-09T18:44:43.119227Z 0 [Note] Shutting down plugin 'INNODB_SYS_TABLESPACES'
2018-03-09T18:44:43.119227Z 0 [Note] Shutting down plugin 'INNODB_SYS_FOREIGN_COLS'
2018-03-09T18:44:43.119227Z 0 [Note] Shutting down plugin 'INNODB_SYS_FOREIGN'
2018-03-09T18:44:43.119227Z 0 [Note] Shutting down plugin 'INNODB_SYS_FIELDS'
2018-03-09T18:44:43.119227Z 0 [Note] Shutting down plugin 'INNODB_SYS_COLUMNS'
2018-03-09T18:44:43.119227Z 0 [Note] Shutting down plugin 'INNODB_SYS_INDEXES'
2018-03-09T18:44:43.119227Z 0 [Note] Shutting down plugin 'INNODB_SYS_TABLESTATS'
2018-03-09T18:44:43.119227Z 0 [Note] Shutting down plugin 'INNODB_SYS_TABLES'
2018-03-09T18:44:43.119227Z 0 [Note] Shutting down plugin 'INNODB_FT_INDEX_TABLE'
2018-03-09T18:44:43.119227Z 0 [Note] Shutting down plugin 'INNODB_FT_INDEX_CACHE'
2018-03-09T18:44:43.119227Z 0 [Note] Shutting down plugin 'INNODB_FT_CONFIG'
2018-03-09T18:44:43.119227Z 0 [Note] Shutting down plugin 'INNODB_FT_BEING_DELETED'
2018-03-09T18:44:43.119227Z 0 [Note] Shutting down plugin 'INNODB_FT_DELETED'
2018-03-09T18:44:43.119227Z 0 [Note] Shutting down plugin 'INNODB_FT_DEFAULT_STOPWORD'
2018-03-09T18:44:43.119227Z 0 [Note] Shutting down plugin 'INNODB_METRICS'
2018-03-09T18:44:43.119227Z 0 [Note] Shutting down plugin 'INNODB_TEMP_TABLE_INFO'
2018-03-09T18:44:43.119227Z 0 [Note] Shutting down plugin 'INNODB_BUFFER_POOL_STATS'
2018-03-09T18:44:43.119227Z 0 [Note] Shutting down plugin 'INNODB_BUFFER_PAGE_LRU'
2018-03-09T18:44:43.119227Z 0 [Note] Shutting down plugin 'INNODB_BUFFER_PAGE'
2018-03-09T18:44:43.119227Z 0 [Note] Shutting down plugin 'INNODB_CMP_PER_INDEX_RESET'
2018-03-09T18:44:43.119227Z 0 [Note] Shutting down plugin 'INNODB_CMP_PER_INDEX'
2018-03-09T18:44:43.119227Z 0 [Note] Shutting down plugin 'INNODB_CMPMEM_RESET'
2018-03-09T18:44:43.119227Z 0 [Note] Shutting down plugin 'INNODB_CMPMEM'
2018-03-09T18:44:43.119227Z 0 [Note] Shutting down plugin 'INNODB_CMP_RESET'
2018-03-09T18:44:43.119227Z 0 [Note] Shutting down plugin 'INNODB_CMP'
2018-03-09T18:44:43.119227Z 0 [Note] Shutting down plugin 'INNODB_LOCK_WAITS'
2018-03-09T18:44:43.119227Z 0 [Note] Shutting down plugin 'INNODB_LOCKS'
2018-03-09T18:44:43.119227Z 0 [Note] Shutting down plugin 'INNODB_TRX'
2018-03-09T18:44:43.119227Z 0 [Note] Shutting down plugin 'InnoDB'
2018-03-09T18:44:43.119227Z 0 [Note] InnoDB: FTS optimize thread exiting.
2018-03-09T18:44:43.119227Z 0 [Note] InnoDB: Starting shutdown...
2018-03-09T18:44:43.245097Z 0 [Note] InnoDB: Dumping buffer pool(s) to C:\DWASFiles\Sites\wiggilia\VirtualDirectory0\data\mysql\ib_buffer_pool
2018-03-09T18:44:43.245097Z 0 [Note] InnoDB: Buffer pool(s) dump completed at 180309 18:44:43
2018-03-09T18:44:44.357100Z 0 [Note] InnoDB: Shutdown completed; log sequence number 2472420
2018-03-09T18:44:44.357100Z 0 [Note] InnoDB: Removed temporary tablespace data file: "..\..\..\temp\mysql\ibtmp1"
2018-03-09T18:44:44.357100Z 0 [Note] Shutting down plugin 'MEMORY'
2018-03-09T18:44:44.357100Z 0 [Note] Shutting down plugin 'CSV'
2018-03-09T18:44:44.357100Z 0 [Note] Shutting down plugin 'sha256_password'
2018-03-09T18:44:44.357100Z 0 [Note] Shutting down plugin 'mysql_native_password'
2018-03-09T18:44:44.357100Z 0 [Note] Shutting down plugin 'binlog'
2018-03-09T18:44:44.357100Z 0 [Note] D:\Program Files (x86)\mysql\5.7.9.0\bin\mysqld.exe: Shutdown complete



